11:41:35.577 INFO - Selenium build info: version: '3.9.1', revision: '63f7b50'
11:41:35.578 INFO - Launching a standalone Selenium Server on port 4444
2018-07-09 11:41:35.730:INFO::main: Logging initialized @440ms to org.seleniumhq.jetty9.util.log.StdErrLog
2018-07-09 11:41:35.843:INFO:osjs.Server:main: jetty-9.4.7.v20170914, build timestamp: 2017-11-21T22:27:37+01:00, git hash: 82b8fb23f757335bb3329d540ce37a2a2615f0a8
2018-07-09 11:41:35.863:WARN:osjs.SecurityHandler:main: ServletContext@o.s.j.s.ServletContextHandler@2c35e847{/,null,STARTING} has uncovered http methods for path: /
2018-07-09 11:41:35.867:INFO:osjsh.ContextHandler:main: Started o.s.j.s.ServletContextHandler@2c35e847{/,null,AVAILABLE}
2018-07-09 11:41:35.888:INFO:osjs.AbstractConnector:main: Started ServerConnector@6d4d66d2{HTTP/1.1,[http/1.1]}{0.0.0.0:4444}
2018-07-09 11:41:35.889:INFO:osjs.Server:main: Started @599ms
11:41:35.889 INFO - Selenium Server is up and running on port 4444
2018-07-09 11:41:36.048:INFO:osjshC.ROOT:qtp1529060733-15: org.openqa.selenium.remote.server.WebDriverServlet-d6e7bab: Initialising WebDriverServlet
11:41:36.100 INFO - Found handler: org.openqa.selenium.remote.server.commandhandler.BeginSession@26ffa0b
11:41:36.103 INFO - /session: Executing POST on /session (handler: BeginSession)
11:41:36.163 INFO - Capabilities are: Capabilities {acceptSslCerts: true, args: [window-size=5000,5000], browserName: chrome, elementScrollBehavior: 1, javascriptEnabled: true, name: Login Test}
11:41:36.164 INFO - Capabilities {acceptSslCerts: true, args: [window-size=5000,5000], browserName: chrome, elementScrollBehavior: 1, javascriptEnabled: true, name: Login Test} matched class org.openqa.selenium.remote.server.ServicedSession$Factory (provider: org.openqa.selenium.chrome.ChromeDriverService)
Starting ChromeDriver 2.40.565386 (45a059dc425e08165f9a10324bd1380cc13ca363) on port 2451
Only local connections are allowed.
11:41:37.084 INFO - Detected dialect: OSS
11:41:37.446 INFO - Found handler: org.openqa.selenium.remote.server.ServicedSession@2cd12e6a
11:41:37.446 INFO - Handler thread for session e6e3485059faa9b8db9f9475d15d2be2 (chrome): Executing POST on /session/e6e3485059faa9b8db9f9475d15d2be2/window/current/size (handler: ServicedSession)
11:41:37.448 INFO - To upstream: {"width":1480,"height":1480}
11:41:37.560 INFO - To downstream: {"sessionId":"e6e3485059faa9b8db9f9475d15d2be2","status":0,"value":null}
11:41:37.567 INFO - Found handler: org.openqa.selenium.remote.server.ServicedSession@2cd12e6a
11:41:37.567 INFO - Handler thread for session e6e3485059faa9b8db9f9475d15d2be2 (chrome): Executing POST on /session/e6e3485059faa9b8db9f9475d15d2be2/url (handler: ServicedSession)
11:41:37.568 INFO - To upstream: {"url":"http://localhost:8090"}
11:41:59.031 INFO - To downstream: {"sessionId":"e6e3485059faa9b8db9f9475d15d2be2","status":0,"value":null}
11:41:59.039 INFO - Found handler: org.openqa.selenium.remote.server.ServicedSession@2cd12e6a
11:41:59.040 INFO - Handler thread for session e6e3485059faa9b8db9f9475d15d2be2 (chrome): Executing POST on /session/e6e3485059faa9b8db9f9475d15d2be2/elements (handler: ServicedSession)
11:41:59.041 INFO - To upstream: {"using":"css selector","value":"body"}
11:41:59.053 INFO - To downstream: {"sessionId":"e6e3485059faa9b8db9f9475d15d2be2","status":0,"value":[{"ELEMENT":"0.5162065218052163-1"}]}
11:41:59.057 INFO - Found handler: org.openqa.selenium.remote.server.ServicedSession@2cd12e6a
11:41:59.057 INFO - Handler thread for session e6e3485059faa9b8db9f9475d15d2be2 (chrome): Executing GET on /session/e6e3485059faa9b8db9f9475d15d2be2/element/0.5162065218052163-1/displayed (handler: ServicedSession)
11:41:59.067 INFO - To downstream: {"sessionId":"e6e3485059faa9b8db9f9475d15d2be2","status":0,"value":true}
11:41:59.073 INFO - Found handler: org.openqa.selenium.remote.server.ServicedSession@2cd12e6a
11:41:59.073 INFO - Handler thread for session e6e3485059faa9b8db9f9475d15d2be2 (chrome): Executing GET on /session/e6e3485059faa9b8db9f9475d15d2be2/url (handler: ServicedSession)
11:41:59.078 INFO - To downstream: {"sessionId":"e6e3485059faa9b8db9f9475d15d2be2","status":0,"value":"http://localhost:8090/"}
11:42:01.088 INFO - Found handler: org.openqa.selenium.remote.server.ServicedSession@2cd12e6a
11:42:01.089 INFO - Handler thread for session e6e3485059faa9b8db9f9475d15d2be2 (chrome): Executing POST on /session/e6e3485059faa9b8db9f9475d15d2be2/element (handler: ServicedSession)
11:42:01.090 INFO - To upstream: {"using":"css selector","value":".video-content"}
11:42:01.102 INFO - To downstream: {"sessionId":"e6e3485059faa9b8db9f9475d15d2be2","status":0,"value":{"ELEMENT":"0.5162065218052163-2"}}
11:42:01.106 INFO - Found handler: org.openqa.selenium.remote.server.ServicedSession@2cd12e6a
11:42:01.106 INFO - Handler thread for session e6e3485059faa9b8db9f9475d15d2be2 (chrome): Executing GET on /session/e6e3485059faa9b8db9f9475d15d2be2/element/0.5162065218052163-2/displayed (handler: ServicedSession)
11:42:01.117 INFO - To downstream: {"sessionId":"e6e3485059faa9b8db9f9475d15d2be2","status":0,"value":true}
11:42:01.120 INFO - Found handler: org.openqa.selenium.remote.server.ServicedSession@2cd12e6a
11:42:01.120 INFO - Handler thread for session e6e3485059faa9b8db9f9475d15d2be2 (chrome): Executing POST on /session/e6e3485059faa9b8db9f9475d15d2be2/elements (handler: ServicedSession)
11:42:01.121 INFO - To upstream: {"using":"css selector","value":"#login"}
11:42:01.131 INFO - To downstream: {"sessionId":"e6e3485059faa9b8db9f9475d15d2be2","status":0,"value":[{"ELEMENT":"0.5162065218052163-3"}]}
11:42:01.133 INFO - Found handler: org.openqa.selenium.remote.server.ServicedSession@2cd12e6a
11:42:01.133 INFO - Handler thread for session e6e3485059faa9b8db9f9475d15d2be2 (chrome): Executing GET on /session/e6e3485059faa9b8db9f9475d15d2be2/element/0.5162065218052163-3/displayed (handler: ServicedSession)
11:42:01.144 INFO - To downstream: {"sessionId":"e6e3485059faa9b8db9f9475d15d2be2","status":0,"value":true}
11:42:01.147 INFO - Found handler: org.openqa.selenium.remote.server.ServicedSession@2cd12e6a
11:42:01.147 INFO - Handler thread for session e6e3485059faa9b8db9f9475d15d2be2 (chrome): Executing POST on /session/e6e3485059faa9b8db9f9475d15d2be2/element (handler: ServicedSession)
11:42:01.148 INFO - To upstream: {"using":"css selector","value":"#login"}
11:42:01.158 INFO - To downstream: {"sessionId":"e6e3485059faa9b8db9f9475d15d2be2","status":0,"value":{"ELEMENT":"0.5162065218052163-3"}}
11:42:01.161 INFO - Found handler: org.openqa.selenium.remote.server.ServicedSession@2cd12e6a
11:42:01.161 INFO - Handler thread for session e6e3485059faa9b8db9f9475d15d2be2 (chrome): Executing POST on /session/e6e3485059faa9b8db9f9475d15d2be2/element/0.5162065218052163-3/click (handler: ServicedSession)
11:42:01.162 INFO - To upstream: 
11:42:01.329 INFO - To downstream: {"sessionId":"e6e3485059faa9b8db9f9475d15d2be2","status":0,"value":null}
11:42:02.337 INFO - Found handler: org.openqa.selenium.remote.server.ServicedSession@2cd12e6a
11:42:02.338 INFO - Handler thread for session e6e3485059faa9b8db9f9475d15d2be2 (chrome): Executing POST on /session/e6e3485059faa9b8db9f9475d15d2be2/element (handler: ServicedSession)
11:42:02.339 INFO - To upstream: {"using":"css selector","value":"#sigin-name"}
11:42:02.351 INFO - To downstream: {"sessionId":"e6e3485059faa9b8db9f9475d15d2be2","status":0,"value":{"ELEMENT":"0.5162065218052163-4"}}
11:42:02.354 INFO - Found handler: org.openqa.selenium.remote.server.ServicedSession@2cd12e6a
11:42:02.354 INFO - Handler thread for session e6e3485059faa9b8db9f9475d15d2be2 (chrome): Executing POST on /session/e6e3485059faa9b8db9f9475d15d2be2/element/0.5162065218052163-4/value (handler: ServicedSession)
11:42:02.355 INFO - To upstream: {"value":["c","h","i","k","a","s","o","n"]}
11:42:02.467 INFO - To downstream: {"sessionId":"e6e3485059faa9b8db9f9475d15d2be2","status":0,"value":null}
11:42:02.975 INFO - Found handler: org.openqa.selenium.remote.server.ServicedSession@2cd12e6a
11:42:02.976 INFO - Handler thread for session e6e3485059faa9b8db9f9475d15d2be2 (chrome): Executing POST on /session/e6e3485059faa9b8db9f9475d15d2be2/element (handler: ServicedSession)
11:42:02.977 INFO - To upstream: {"using":"css selector","value":"#sigin-password"}
11:42:02.990 INFO - To downstream: {"sessionId":"e6e3485059faa9b8db9f9475d15d2be2","status":0,"value":{"ELEMENT":"0.5162065218052163-5"}}
11:42:02.992 INFO - Found handler: org.openqa.selenium.remote.server.ServicedSession@2cd12e6a
11:42:02.992 INFO - Handler thread for session e6e3485059faa9b8db9f9475d15d2be2 (chrome): Executing POST on /session/e6e3485059faa9b8db9f9475d15d2be2/element/0.5162065218052163-5/value (handler: ServicedSession)
11:42:02.993 INFO - To upstream: {"value":["p","a","s","s","w","o","r","d"]}
11:42:03.075 INFO - To downstream: {"sessionId":"e6e3485059faa9b8db9f9475d15d2be2","status":0,"value":null}
11:42:03.080 INFO - Found handler: org.openqa.selenium.remote.server.ServicedSession@2cd12e6a
11:42:03.080 INFO - Handler thread for session e6e3485059faa9b8db9f9475d15d2be2 (chrome): Executing POST on /session/e6e3485059faa9b8db9f9475d15d2be2/element (handler: ServicedSession)
11:42:03.081 INFO - To upstream: {"using":"css selector","value":"#sigin-button"}
11:42:03.092 INFO - To downstream: {"sessionId":"e6e3485059faa9b8db9f9475d15d2be2","status":0,"value":{"ELEMENT":"0.5162065218052163-6"}}
11:42:03.095 INFO - Found handler: org.openqa.selenium.remote.server.ServicedSession@2cd12e6a
11:42:03.095 INFO - Handler thread for session e6e3485059faa9b8db9f9475d15d2be2 (chrome): Executing POST on /session/e6e3485059faa9b8db9f9475d15d2be2/element/0.5162065218052163-6/click (handler: ServicedSession)
11:42:03.096 INFO - To upstream: 
11:42:03.174 INFO - To downstream: {"sessionId":"e6e3485059faa9b8db9f9475d15d2be2","status":0,"value":null}
11:42:05.184 INFO - Found handler: org.openqa.selenium.remote.server.ServicedSession@2cd12e6a
11:42:05.184 INFO - Handler thread for session e6e3485059faa9b8db9f9475d15d2be2 (chrome): Executing DELETE on /session/e6e3485059faa9b8db9f9475d15d2be2 (handler: ServicedSession)
11:42:05.252 INFO - To downstream: {"sessionId":"e6e3485059faa9b8db9f9475d15d2be2","status":0,"value":null}
11:42:05.255 INFO - Removing session org.openqa.selenium.remote.server.ServicedSession@2cd12e6a
